<?xml version="1.0" encoding="UTF-8"?>
<testsuite name="memory.MemoryFinderTest" tests="1" skipped="0" failures="0" errors="0" timestamp="2024-12-08T14:52:08" hostname="seonhoui-MacBookAir.local" time="0.051">
  <properties/>
  <testcase name="get()" classname="memory.MemoryFinderTest" time="0.051"/>
  <system-out><![CDATA[]]></system-out>
  <system-err><![CDATA[]]></system-err>
</testsuite>
